make[1]: Entering directory '/workspace/Darkmoon_kernel/out'
  GEN     ./Makefile
scripts/kconfig/conf  --syncconfig Kconfig
*
* Restart config...
*
*
* General architecture-dependent options
*
Kprobes (KPROBES) [N/y/?] n
Optimize very unlikely/likely branches (JUMP_LABEL) [Y/n/?] y
  Static key selftest (STATIC_KEYS_SELFTEST) [N/y/?] n
Stack Protector buffer overflow detection (STACKPROTECTOR) [N/y/?] n
Link-Time Optimization (LTO) (EXPERIMENTAL)
> 1. None (LTO_NONE)
  2. Use clang Link Time Optimization (LTO) (EXPERIMENTAL) (LTO_CLANG) (NEW)
choice[1-2?]: 
Enable LLVM's polyhedral loop optimizer (Polly) (LLVM_POLLY) [Y/n/?] y
Number of bits to use for ASLR of mmap base address (ARCH_MMAP_RND_BITS) [18] 18
Number of bits to use for ASLR of mmap base address for compatible applications (ARCH_MMAP_RND_COMPAT_BITS) [11] 11
Use a virtually-mapped stack (VMAP_STACK) [N/y/?] n
Perform full reference count validation at the expense of speed (REFCOUNT_FULL) [Y/?] y
Kernel panic on refcount error detection (PANIC_ON_REFCOUNT_ERROR) [N/y/?] n
  GEN     ./Makefile
  WRAP    arch/arm64/include/generated/uapi/asm/errno.h
  WRAP    arch/arm64/include/generated/uapi/asm/ioctl.h
  WRAP    arch/arm64/include/generated/uapi/asm/ioctls.h
  WRAP    arch/arm64/include/generated/uapi/asm/ipcbuf.h
  WRAP    arch/arm64/include/generated/uapi/asm/kvm_para.h
  WRAP    arch/arm64/include/generated/uapi/asm/mman.h
  WRAP    arch/arm64/include/generated/uapi/asm/msgbuf.h
  WRAP    arch/arm64/include/generated/uapi/asm/poll.h
  WRAP    arch/arm64/include/generated/uapi/asm/resource.h
  WRAP    arch/arm64/include/generated/uapi/asm/sembuf.h
  WRAP    arch/arm64/include/generated/uapi/asm/shmbuf.h
  WRAP    arch/arm64/include/generated/uapi/asm/socket.h
  WRAP    arch/arm64/include/generated/uapi/asm/sockios.h
  WRAP    arch/arm64/include/generated/uapi/asm/swab.h
  WRAP    arch/arm64/include/generated/uapi/asm/termbits.h
  WRAP    arch/arm64/include/generated/uapi/asm/termios.h
  WRAP    arch/arm64/include/generated/uapi/asm/types.h
  UPD     include/generated/uapi/linux/version.h
  UPD     include/config/kernel.release
  Using .. as source for kernel
  WRAP    arch/arm64/include/generated/asm/bugs.h
  WRAP    arch/arm64/include/generated/asm/delay.h
  WRAP    arch/arm64/include/generated/asm/div64.h
  WRAP    arch/arm64/include/generated/asm/dma.h
  WRAP    arch/arm64/include/generated/asm/dma-contiguous.h
  WRAP    arch/arm64/include/generated/asm/early_ioremap.h
  WRAP    arch/arm64/include/generated/asm/emergency-restart.h
  WRAP    arch/arm64/include/generated/asm/hw_irq.h
  WRAP    arch/arm64/include/generated/asm/irq_regs.h
  WRAP    arch/arm64/include/generated/asm/kdebug.h
  WRAP    arch/arm64/include/generated/asm/kmap_types.h
  WRAP    arch/arm64/include/generated/asm/local.h
  WRAP    arch/arm64/include/generated/asm/local64.h
  UPD     include/generated/utsrelease.h
  WRAP    arch/arm64/include/generated/asm/mcs_spinlock.h
  WRAP    arch/arm64/include/generated/asm/mm-arch-hooks.h
  WRAP    arch/arm64/include/generated/asm/msi.h
  WRAP    arch/arm64/include/generated/asm/preempt.h
  WRAP    arch/arm64/include/generated/asm/qrwlock.h
  WRAP    arch/arm64/include/generated/asm/qspinlock.h
  WRAP    arch/arm64/include/generated/asm/rwsem.h
  WRAP    arch/arm64/include/generated/asm/segment.h
  WRAP    arch/arm64/include/generated/asm/serial.h
  WRAP    arch/arm64/include/generated/asm/set_memory.h
  WRAP    arch/arm64/include/generated/asm/sizes.h
  WRAP    arch/arm64/include/generated/asm/switch_to.h
  WRAP    arch/arm64/include/generated/asm/trace_clock.h
  WRAP    arch/arm64/include/generated/asm/unaligned.h
  WRAP    arch/arm64/include/generated/asm/user.h
  WRAP    arch/arm64/include/generated/asm/vga.h
  HOSTCC  scripts/dtc/dtc.o
  HOSTCC  scripts/genksyms/genksyms.o
  YACC    scripts/genksyms/parse.tab.c
  LEX     scripts/genksyms/lex.lex.c
  CC      scripts/mod/empty.o
  YACC    scripts/genksyms/parse.tab.h
  HOSTCC  scripts/selinux/genheaders/genheaders
  HOSTCC  scripts/mod/mk_elfconfig
  HOSTCC  scripts/selinux/mdp/mdp
  CC      scripts/mod/devicetable-offsets.s
  HOSTCC  scripts/bin2c
  HOSTCC  scripts/kallsyms
  HOSTCC  scripts/sortextable
  HOSTCC  scripts/asn1_compiler
  HOSTCC  scripts/extract-cert
  HOSTCC  scripts/dtc/flattree.o
  UPD     scripts/mod/devicetable-offsets.h
  MKELF   scripts/mod/elfconfig.h
  HOSTCC  scripts/dtc/fstree.o
  HOSTCC  scripts/mod/modpost.o
  HOSTCC  scripts/mod/file2alias.o
  HOSTCC  scripts/mod/sumversion.o
  HOSTCC  scripts/dtc/data.o
  HOSTCC  scripts/dtc/livetree.o
  HOSTCC  scripts/dtc/treesource.o
  HOSTCC  scripts/dtc/srcpos.o
  HOSTCC  scripts/genksyms/parse.tab.o
  HOSTCC  scripts/genksyms/lex.lex.o
  HOSTCC  scripts/dtc/checks.o
  HOSTCC  scripts/dtc/util.o
  LEX     scripts/dtc/dtc-lexer.lex.c
  YACC    scripts/dtc/dtc-parser.tab.h
  YACC    scripts/dtc/dtc-parser.tab.c
  HOSTCC  scripts/dtc/dtc-parser.tab.o
  HOSTCC  scripts/dtc/dtc-lexer.lex.o
  CC      kernel/bounds.s
  UPD     include/generated/timeconst.h
  UPD     include/generated/bounds.h
  CC      arch/arm64/kernel/asm-offsets.s
  HOSTLD  scripts/genksyms/genksyms
  UPD     include/generated/asm-offsets.h
  CALL    ../scripts/checksyscalls.sh
  HOSTLD  scripts/mod/modpost
  HOSTLD  scripts/dtc/dtc
  LDS     arch/arm64/kernel/vdso/vdso.lds
  CC      arch/arm64/kernel/vdso/vgettimeofday.o
  AS      arch/arm64/kernel/vdso/note.o
  AS      arch/arm64/kernel/vdso/sigreturn.o
  LD      arch/arm64/kernel/vdso/vdso.so.dbg
  VDSOSYM include/generated/vdso-offsets.h
  CHK     include/generated/compile.h
  CC      init/main.o
  CC      init/do_mounts.o
  CC      init/do_mounts_rd.o
  CC      init/do_mounts_initrd.o
  CC      init/do_mounts_dm.o
  CC      init/noinitramfs.o
  CC      init/initramfs.o
  CC      init/calibrate.o
  HOSTCC  usr/gen_init_cpio
  CC      init/init_task.o
  CC      arch/arm64/kernel/debug-monitors.o
  AR      arch/arm64/kernel/probes/built-in.a
  AS      arch/arm64/kernel/entry.o
  OBJCOPY arch/arm64/kernel/vdso/vdso.so
  UPD     include/generated/compile.h
  AS      arch/arm64/kernel/vdso/vdso.o
  CC      arch/arm64/mm/dma-mapping.o
  CC      arch/arm64/mm/extable.o
  AR      arch/arm64/kernel/vdso/built-in.a
  CC      arch/arm64/kernel/irq.o
  CC      init/version.o
  CC      arch/arm64/kernel/fpsimd.o
  AR      arch/arm64/net/built-in.a
  CC      arch/arm64/crypto/sha1-ce-glue.o
  GEN     usr/initramfs_data.cpio
  AS      arch/arm64/crypto/sha1-ce-core.o
  CC      arch/arm64/crypto/sha2-ce-glue.o
  AS      arch/arm64/crypto/sha2-ce-core.o
  CC      arch/arm64/crypto/ghash-ce-glue.o
  AS      arch/arm64/kernel/entry-fpsimd.o
  AS      arch/arm64/crypto/ghash-ce-core.o
  AS      arch/arm64/crypto/aes-ce-core.o
  CC      arch/arm64/mm/fault.o
  AS      usr/initramfs_data.o
  CC      arch/arm64/mm/init.o
  CC      arch/arm64/kernel/process.o
  AR      usr/built-in.a
  CC      arch/arm64/kernel/ptrace.o
  CC      arch/arm64/crypto/aes-ce-glue.o
  CC      arch/arm64/kernel/setup.o
  CC      kernel/cgroup/cgroup.o
  CC      kernel/cgroup/rstat.o
  CC      kernel/bpf/core.o
  CC      kernel/bpf/syscall.o
  CC      arch/arm64/crypto/aes-ce-ccm-glue.o
  AS      arch/arm64/mm/cache.o
  CC      certs/system_keyring.o
  CC      kernel/bpf/verifier.o
  CC      kernel/bpf/inode.o
  CC      mm/filemap.o
  CC      fs/configfs/inode.o
  CC      fs/configfs/file.o
  AR      init/built-in.a
  CC      arch/arm64/mm/copypage.o
  CC      arch/arm64/mm/flush.o
  CC      kernel/cgroup/namespace.o
  CC      fs/crypto/crypto.o
  CC      fs/crypto/fname.o
  CC      arch/arm64/kernel/signal.o
  AS      arch/arm64/crypto/aes-ce-ccm-core.o
  EXTRACT_CERTS   
  AS      certs/system_certificates.o
  CC      fs/crypto/hooks.o
  CC      arch/arm64/crypto/aes-glue-ce.o
  AR      certs/built-in.a
  AS      arch/arm64/crypto/aes-ce.o
  CC      fs/configfs/dir.o
  CC      kernel/dma/mapping.o
  CC      arch/arm64/mm/ioremap.o
  CC      kernel/cgroup/cgroup-v1.o
  AR      ipc/built-in.a
  CC      kernel/events/core.o
  CC      arch/arm64/kernel/sys.o
  CC      kernel/irq/irqdesc.o
  AR      kernel/livepatch/built-in.a
  CC      security/integrity/iint.o
  CC      arch/arm64/crypto/aes-glue-neon.o
  CC      kernel/power/qos.o
  CC      kernel/locking/mutex.o
  CC      fs/crypto/keyinfo.o
  CC      arch/arm64/mm/mmap.o
  CC      arch/arm64/kernel/stacktrace.o
  CC      arch/arm64/kernel/time.o
  CC      security/integrity/integrity_audit.o
  CC      kernel/dma/contiguous.o
  CC      mm/mempool.o
  CC      fs/configfs/symlink.o
  CC      mm/oom_kill.o
  CC      kernel/irq/handle.o
  CC      arch/arm64/mm/pgd.o
  CC      kernel/locking/semaphore.o
  AS      arch/arm64/crypto/aes-neon.o
  AR      security/integrity/built-in.a
  CC      kernel/dma/coherent.o
  CC      arch/arm64/crypto/sha256-glue.o
  CC      security/keys/gc.o
  CC      kernel/power/main.o
  CC      fs/configfs/mount.o
  CC      security/pfe/pfk.o
  CC      arch/arm64/kernel/traps.o
  CC      kernel/cgroup/freezer.o
  CC      arch/arm64/mm/mmu.o
  CC      fs/crypto/policy.o
  CC      kernel/irq/manage.o
  CC      fs/configfs/item.o
  CC      security/keys/key.o
  CC      kernel/locking/rwsem.o
  CC      mm/fadvise.o
  CC      security/keys/keyring.o
  CC      kernel/cgroup/cpuset.o
  CC      security/pfe/pfk_kc.o
  CC      kernel/dma/removed.o
  CC      kernel/power/process.o
  SHIPPED arch/arm64/crypto/sha256-core.S
  CC      arch/arm64/kernel/io.o
  AS      arch/arm64/crypto/aes-cipher-core.o
  CC      arch/arm64/crypto/aes-cipher-glue.o
  AR      fs/configfs/built-in.a
  CC      kernel/locking/percpu-rwsem.o
  CC      fs/devpts/inode.o
  CC      fs/crypto/bio.o
  CC      kernel/irq/spurious.o
  CC      security/pfe/pfk_ice.o
  CC      arch/arm64/kernel/vdso.o
  CC      kernel/power/suspend.o
  CC      arch/arm64/mm/context.o
  AS      arch/arm64/crypto/sha256-core.o
  CC      kernel/locking/spinlock.o
  CC      mm/maccess.o
  AR      arch/arm64/crypto/built-in.a
  CC      kernel/dma/direct.o
  CC      kernel/irq/resend.o
  CC      fs/efivarfs/inode.o
  AR      fs/devpts/built-in.a
  CC      fs/exfat/inode.o
  CC      fs/efivarfs/file.o
  CC      security/keys/keyctl.o
  CC      security/pfe/pfk_ext4.o
  CC      kernel/irq/chip.o
  CC      kernel/locking/osq_lock.o
  AS      arch/arm64/kernel/hyp-stub.o
  CC      kernel/locking/qspinlock.o
  CC      fs/efivarfs/super.o
  CC      arch/arm64/kernel/psci.o
  AS      arch/arm64/mm/proc.o
  CC      mm/page_alloc.o
  CC      fs/crypto/fscrypt_ice.o
  CC      security/pfe/pfk_f2fs.o
  AR      kernel/cgroup/built-in.a
  CC      kernel/locking/rtmutex.o
  CC      arch/arm64/mm/pageattr.o
  CC      kernel/dma/swiotlb.o
  CC      kernel/printk/printk.o
  CC      fs/exfat/namei.o
  CC      kernel/locking/rwsem-xadd.o
  CC      kernel/power/autosleep.o
  CC      security/keys/permission.o
  CC      arch/arm64/kernel/cpu_ops.o
  AR      fs/efivarfs/built-in.a
  AR      fs/exofs/built-in.a
  CC      kernel/bpf/helpers.o
  AR      security/pfe/built-in.a
  CC      fs/exportfs/expfs.o
  GEN     security/selinux/flask.h security/selinux/av_permissions.h
  CC      kernel/power/wakelock.o
  CC      security/selinux/avc.o
  CC      kernel/irq/dummychip.o
  CC      kernel/locking/qrwlock.o
  CC      security/selinux/hooks.o
  AR      fs/crypto/built-in.a
  AR      arch/arm64/mm/built-in.a
  CC      security/commoncap.o
  CC      arch/arm64/kernel/insn.o
  CC      security/keys/process_keys.o
  CC      fs/ext4/balloc.o
  CC      fs/exfat/dir.o
  AR      kernel/dma/built-in.a
  CC      fs/ext4/bitmap.o
  CC      kernel/power/poweroff.o
  AR      kernel/locking/built-in.a
  CC      fs/ext4/block_validity.o
  CC      kernel/irq/devres.o
  CC      kernel/bpf/tnum.o
  AR      fs/exportfs/built-in.a
  CC      kernel/events/ring_buffer.o
  CC      kernel/power/energy_model.o
  CC      fs/f2fs/dir.o
  CC      security/keys/request_key.o
  CC      arch/arm64/kernel/return_address.o
  CC      kernel/bpf/hashtab.o
  CC      fs/ext4/dir.o
  CC      security/min_addr.o
  CC      arch/arm64/kernel/cpuinfo.o
  CC      kernel/printk/printk_safe.o
  CC      fs/exfat/super.o
  CC      kernel/irq/autoprobe.o
  CC      arch/arm64/kernel/cpu_errata.o
  CC      fs/ext4/ext4_jbd2.o
  AR      kernel/printk/built-in.a
  CC      security/security.o
  CC      fs/ext4/extents.o
  CC      kernel/power/wakeup_reason.o
  CC      arch/arm64/kernel/cpufeature.o
  CC      arch/arm64/kernel/alternative.o
  CC      fs/f2fs/file.o
  CC      security/keys/request_key_auth.o
  CC      arch/arm64/kernel/cacheinfo.o
  CC      security/keys/user_defined.o
  CC      kernel/events/callchain.o
  CC      fs/exfat/fatent.o
  CC      arch/arm64/kernel/smp.o
  CC      kernel/irq/irqdomain.o
  CC      fs/exfat/cache.o
  AR      kernel/power/built-in.a
  CC      security/keys/compat.o
  CC      kernel/rcu/update.o
  CC      kernel/bpf/arraymap.o
  CC      arch/arm64/kernel/smp_spin_table.o
  CC      kernel/events/hw_breakpoint.o
  CC      fs/exfat/nls.o
  CC      mm/page-writeback.o
  CC      kernel/bpf/percpu_freelist.o
  CC      security/selinux/selinuxfs.o
  CC      fs/exfat/misc.o
  CC      security/keys/proc.o
  CC      security/keys/sysctl.o
  CC      security/selinux/netlink.o
  CC      arch/arm64/kernel/topology.o
  CC      fs/exfat/file.o
  AS      arch/arm64/kernel/smccc-call.o
  CC      fs/exfat/balloc.o
  CC      kernel/rcu/sync.o
  AR      security/keys/built-in.a
  CC      kernel/sched/core.o
  CC      kernel/bpf/bpf_lru_list.o
  CC      security/selinux/nlmsgtab.o
  CC      kernel/irq/proc.o
  CC      fs/f2fs/inode.o
  AR      kernel/events/built-in.a
  CC      fs/f2fs/namei.o
  CC      kernel/rcu/srcutree.o
  CC      kernel/time/time.o
  CC      kernel/fork.o
  CC      security/selinux/netif.o
  CC      arch/arm64/kernel/syscall.o
  CC      kernel/bpf/lpm_trie.o
  CC      security/selinux/netnode.o
  CC      kernel/irq/cpuhotplug.o
  CC      fs/exfat/xattr.o
  CC      security/selinux/netport.o
  CC      kernel/irq/pm.o
  CC      arch/arm64/kernel/sys32.o
  CC      fs/ext4/extents_status.o
  CC      fs/f2fs/hash.o
  AR      fs/exfat/built-in.a
  CC      kernel/irq/msi.o
  CC      fs/fat/cache.o
  CC      security/selinux/exports.o
  CC      kernel/rcu/tree.o
  CC      kernel/time/timer.o
  CC      mm/readahead.o
  CC      mm/swap.o
  CC      security/selinux/ss/ebitmap.o
  CC      kernel/bpf/map_in_map.o
  CC      arch/arm64/kernel/signal32.o
  CC      fs/f2fs/super.o
  CC      fs/ext4/file.o
  CC      security/selinux/ss/hashtab.o
  CC      fs/ext4/fsmap.o
  CC      kernel/irq/affinity.o
  CC      kernel/bpf/local_storage.o
  CC      fs/fat/dir.o
  CC      security/selinux/ss/symtab.o
  CC      security/lsm_audit.o
  CC      security/selinux/ss/sidtab.o
  CC      kernel/exec_domain.o
  AR      kernel/irq/built-in.a
  CC      kernel/panic.o
  CC      security/selinux/ss/avtab.o
  CC      arch/arm64/kernel/sys_compat.o
  CC      security/selinux/ss/policydb.o
  CC      kernel/rcu/rcu_segcblist.o
  CC      fs/ext4/fsync.o
  CC      kernel/time/hrtimer.o
  CC      mm/truncate.o
  CC      kernel/bpf/disasm.o
  CC      fs/ext4/hash.o
  CC      fs/ext4/ialloc.o
  AS      arch/arm64/kernel/sigreturn32.o
  CC      kernel/bpf/btf.o
  CC      kernel/bpf/devmap.o
  AS      arch/arm64/kernel/kuser32.o
  CC      security/selinux/ss/services.o
  CC      kernel/sched/loadavg.o
  CC      kernel/cpu.o
  CC      arch/arm64/kernel/arm64ksyms.o
  CC      kernel/sched/clock.o
  CC      mm/vmscan.o
  CC      fs/fat/fatent.o
  CC      fs/f2fs/inline.o
  CC      fs/ext4/indirect.o
  CC      fs/fat/file.o
  CC      fs/f2fs/checkpoint.o
  CC      arch/arm64/kernel/module.o
  CC      kernel/time/timekeeping.o
  CC      kernel/time/ntp.o
  CC      kernel/bpf/cpumap.o
  CC      kernel/sched/cputime.o
  AR      kernel/rcu/built-in.a
  CC      kernel/exit.o
  CC      kernel/sched/idle.o
  CC      kernel/sched/fair.o
  CC      security/selinux/ss/conditional.o
  CC      fs/f2fs/gc.o
  CC      fs/ext4/inline.o
  CC      kernel/time/clocksource.o
  CC      arch/arm64/kernel/module-plts.o
  CC      kernel/softirq.o
  CC      fs/fat/inode.o
  CC      kernel/bpf/offload.o
  CC      arch/arm64/kernel/perf_regs.o
  CC      fs/f2fs/data.o
  CC      fs/f2fs/node.o
  CC      mm/shmem.o
  CC      kernel/time/jiffies.o
  CC      kernel/time/timer_list.o
  CC      kernel/sched/rt.o
  CC      security/selinux/ss/mls.o
  CC      arch/arm64/kernel/perf_callchain.o
  CC      arch/arm64/kernel/perf_event.o
  CC      fs/ext4/inode.o
  CC      mm/util.o
  CC      kernel/resource.o
  CC      mm/mmzone.o
  CC      fs/fat/misc.o
  CC      arch/arm64/kernel/perf_trace_counters.o
  CC      security/selinux/ss/status.o
  CC      kernel/time/timeconv.o
  CC      mm/vmstat.o
  CC      kernel/sysctl.o
  CC      kernel/bpf/stackmap.o
  CC      fs/ext4/ioctl.o
  CC      mm/backing-dev.o
  CC      arch/arm64/kernel/perf_trace_user.o
  CC      fs/fat/nfs.o
  CC      arch/arm64/kernel/hw_breakpoint.o
  CC      kernel/time/timecounter.o
  CC      kernel/sched/deadline.o
  AS      arch/arm64/kernel/sleep.o
  CC      fs/fat/namei_vfat.o
  CC      security/selinux/netlabel.o
  CC      fs/f2fs/segment.o
  CC      arch/arm64/kernel/suspend.o
  CC      kernel/bpf/cgroup.o
  CC      kernel/time/alarmtimer.o
  CC      fs/f2fs/recovery.o
  CC      fs/fat/namei_msdos.o
  CC      fs/ext4/mballoc.o
  CC      fs/ext4/migrate.o
  CC      mm/mm_init.o
  CC      arch/arm64/kernel/cpuidle.o
  CC      arch/arm64/kernel/jump_label.o
  CC      kernel/sched/wait.o
  CC      mm/mmu_context.o
  CC      mm/percpu.o
  AR      fs/fat/built-in.a
  AR      security/selinux/built-in.a
  CC      mm/slab_common.o
  CC      kernel/time/posix-timers.o
  CC      mm/compaction.o
  CC      arch/arm64/kernel/bootinfo.o
  AR      security/built-in.a
  CC      mm/vmacache.o
  CC      arch/arm64/kernel/efi.o
  CC      kernel/sched/wait_bit.o
  CC      mm/interval_tree.o
  AS      arch/arm64/kernel/efi-entry.o
  CC      mm/list_lru.o
  CC      fs/ext4/mmp.o
  CC      fs/ext4/move_extent.o
  AS      arch/arm64/kernel/efi-rt-wrapper.o
  CC      fs/ext4/namei.o
  CC      arch/arm64/kernel/armv8_deprecated.o
  CC      fs/ext4/page-io.o
  CC      kernel/bpf/reuseport_array.o
  CC      kernel/time/posix-cpu-timers.o
  CC      mm/workingset.o
  CC      kernel/time/posix-clock.o
  CC      mm/debug.o
  CC      fs/ext4/readpage.o
  CC      fs/ext4/resize.o
  CC      mm/gup.o
  AS      arch/arm64/kernel/head.o
  CC      fs/ext4/super.o
  LDS     arch/arm64/kernel/vmlinux.lds
  CC      kernel/sched/swait.o
  AR      kernel/bpf/built-in.a
  OBJCOPY arch/arm64/kernel/efi-entry.stub.o
  AR      arch/arm64/kernel/built-in.a
  CC      kernel/sysctl_binary.o
  CC      mm/highmem.o
  CC      mm/memory.o
  CC      kernel/time/itimer.o
  CC      kernel/sched/completion.o
  CC      mm/mincore.o
  CC      kernel/sched/cpupri.o
  CC      crypto/asymmetric_keys/asymmetric_type.o
  CC      fs/f2fs/shrinker.o
  CC      crypto/asymmetric_keys/restrict.o
  CC      kernel/time/clockevents.o
  CC      mm/mlock.o
  CC      kernel/time/tick-common.o
  CC      kernel/capability.o
  CC      mm/mmap.o
  CC      crypto/asymmetric_keys/signature.o
  CC      fs/ext4/symlink.o
  CC      fs/f2fs/extent_cache.o
  CC      crypto/asymmetric_keys/public_key.o
  ASN.1   crypto/asymmetric_keys/x509.asn1.c
  ASN.1   crypto/asymmetric_keys/x509_akid.asn1.c
  CC      fs/ext4/sysfs.o
  CC      fs/ext4/xattr.o
  CC      crypto/asymmetric_keys/x509_public_key.o
  CC      fs/f2fs/sysfs.o
  CC      kernel/time/tick-broadcast.o
  ASN.1   crypto/asymmetric_keys/pkcs7.asn1.c
  CC      crypto/asymmetric_keys/pkcs7_trust.o
  CC      kernel/sched/cpudeadline.o
  CC      fs/ext4/xattr_trusted.o
  CC      fs/f2fs/xattr.o
  CC      mm/mprotect.o
  CC      kernel/time/tick-broadcast-hrtimer.o
  CC      kernel/ptrace.o
  CC      crypto/asymmetric_keys/pkcs7_verify.o
  CC      fs/ext4/xattr_user.o
  CC      fs/ext4/xattr_security.o
  CC      fs/f2fs/acl.o
  CC      crypto/asymmetric_keys/x509.asn1.o
  CC      kernel/user.o
  CC      mm/mremap.o
  CC      mm/msync.o
  CC      mm/page_vma_mapped.o
  CC      kernel/sched/topology.o
  CC      kernel/time/sched_clock.o
../fs/f2fs/xattr.c:587:4: error: implicit declaration of function 'f2fs_msg' [-Werror,-Wimplicit-function-declaration]
                        f2fs_msg(dentry->d_sb, KERN_ERR,
                        ^
1 error generated.
make[3]: *** [../scripts/Makefile.build:339: fs/f2fs/xattr.o] Error 1
make[3]: *** Waiting for unfinished jobs....
  CC      kernel/time/tick-oneshot.o
  CC      crypto/asymmetric_keys/x509_akid.asn1.o
  CC      kernel/sched/stop_task.o
  CC      kernel/signal.o
  CC      crypto/asymmetric_keys/x509_cert_parser.o
  CC      kernel/sys.o
  CC      mm/pagewalk.o
  CC      kernel/time/tick-sched.o
  CC      kernel/time/vsyscall.o
  CC      mm/pgtable-generic.o
  CC      mm/rmap.o
make[2]: *** [../scripts/Makefile.build:643: fs/f2fs] Error 2
make[2]: *** Waiting for unfinished jobs....
  CC      crypto/asymmetric_keys/pkcs7.asn1.o
  CC      kernel/sched/pelt.o
  CC      kernel/sched/walt.o
  CC      mm/vmalloc.o
  CC      crypto/asymmetric_keys/pkcs7_parser.o
  CC      kernel/sched/boost.o
  AR      fs/ext4/built-in.a
  CC      kernel/sched/sched_avg.o
make[1]: *** [/workspace/Darkmoon_kernel/Makefile:1174: fs] Error 2
make[1]: *** Waiting for unfinished jobs....
  CC      mm/process_vm_access.o
  CC      kernel/umh.o
  CC      kernel/workqueue.o
  CC      kernel/sched/autogroup.o
  CC      mm/showmem.o
  CC      mm/vmpressure.o
  AR      crypto/asymmetric_keys/built-in.a
  CC      kernel/pid.o
  CC      kernel/sched/tune.o
  CC      kernel/task_work.o
  CC      crypto/api.o
  AR      kernel/time/built-in.a
  CC      kernel/extable.o
  CC      kernel/sched/cpuacct.o
  CC      kernel/sched/cpufreq.o
  CC      mm/init-mm.o
  CC      kernel/params.o
  CC      mm/nobootmem.o
  CC      kernel/kthread.o
  CC      kernel/sys_ni.o
  CC      kernel/sched/cpufreq_schedutil.o
  CC      kernel/sched/membarrier.o
  CC      kernel/nsproxy.o
  CC      kernel/sched/isolation.o
  CC      kernel/sched/core_ctl.o
  CC      kernel/sched/psi.o
  CC      kernel/notifier.o
  CC      mm/madvise.o
  CC      kernel/ksysfs.o
  CC      crypto/cipher.o
  CC      mm/memblock.o
  CC      kernel/cred.o
  CC      kernel/reboot.o
  CC      mm/page_io.o
  CC      crypto/compress.o
  CC      crypto/memneq.o
  CC      kernel/async.o
  CC      mm/swap_state.o
  CC      mm/swapfile.o
  CC      kernel/range.o
  CC      mm/swap_slots.o
  CC      kernel/smpboot.o
  CC      kernel/ucount.o
  CC      mm/swap_ratio.o
  CC      kernel/kmod.o
  CC      crypto/crypto_wq.o
  CC      crypto/algapi.o
  CC      kernel/groups.o
  CC      kernel/freezer.o
  CC      kernel/profile.o
  CC      mm/dmapool.o
  AR      kernel/sched/built-in.a
  CC      kernel/stacktrace.o
  CC      crypto/scatterwalk.o
  CC      mm/sparse.o
  CC      mm/sparse-vmemmap.o
  CC      crypto/proc.o
  CC      mm/slub.o
  CC      kernel/futex.o
  CC      mm/memory_hotplug.o
  CC      kernel/smp.o
  CC      kernel/uid16.o
  CC      mm/migrate.o
  CC      mm/page_isolation.o
  CC      kernel/module.o
  CC      kernel/kallsyms.o
  CC      mm/zsmalloc.o
  CC      kernel/compat.o
  CC      mm/early_ioremap.o
  CC      crypto/aead.o
  CC      mm/cma.o
  GZIP    kernel/config_data.gz
  CC      kernel/stop_machine.o
  CC      kernel/audit.o
  CC      mm/usercopy.o
  CC      kernel/auditfilter.o
  CC      kernel/seccomp.o
  CC      mm/memfd.o
  CC      kernel/utsname_sysctl.o
  CC      kernel/delayacct.o
  CC      kernel/taskstats.o
  CC      mm/process_reclaim.o
  CC      crypto/ablkcipher.o
  CC      crypto/blkcipher.o
  CC      kernel/tsacct.o
  CC      kernel/elfcore.o
  CC      kernel/irq_work.o
  CC      kernel/cpu_pm.o
  CC      kernel/jump_label.o
  CC      kernel/iomem.o
  CC      crypto/skcipher.o
  CC      crypto/seqiv.o
  CC      kernel/rseq.o
  CC      crypto/echainiv.o
  AR      mm/built-in.a
  CC      crypto/ahash.o
  CC      crypto/shash.o
  CC      crypto/akcipher.o
  UPD     kernel/config_data.h
  CC      crypto/kpp.o
  CC      kernel/configs.o
  ASN.1   crypto/rsapubkey.asn1.c
  ASN.1   crypto/rsaprivkey.asn1.c
  CC      crypto/rsa.o
  CC      crypto/rsa_helper.o
  CC      crypto/rsa-pkcs1pad.o
  CC      crypto/acompress.o
  CC      crypto/scompress.o
  CC      crypto/algboss.o
  CC      crypto/testmgr.o
  CC      crypto/cmac.o
  CC      crypto/hmac.o
  CC      crypto/xcbc.o
  CC      crypto/crypto_null.o
  AR      kernel/built-in.a
  CC      crypto/md4.o
  CC      crypto/sha1_generic.o
  CC      crypto/md5.o
  CC      crypto/sha256_generic.o
  CC      crypto/sha512_generic.o
  CC      crypto/gf128mul.o
  CC      crypto/ecb.o
  CC      crypto/cbc.o
  CC      crypto/cts.o
  CC      crypto/xts.o
  CC      crypto/ctr.o
  CC      crypto/gcm.o
  CC      crypto/cryptd.o
  CC      crypto/des_generic.o
  CC      crypto/twofish_generic.o
  CC      crypto/twofish_common.o
  CC      crypto/aes_generic.o
  CC      crypto/arc4.o
  CC      crypto/deflate.o
  CC      crypto/crc32c_generic.o
  CC      crypto/crc32_generic.o
  CC      crypto/authenc.o
  CC      crypto/authencesn.o
  CC      crypto/lzo.o
  CC      crypto/lzo-rle.o
  CC      crypto/rng.o
